[0.100s] Invoking command in '/workspace/workspace/build/ld08_driver': CMAKE_PREFIX_PATH=/opt/ros/humble /usr/bin/cmake /workspace/workspace/src/ld08_driver -DCMAKE_INSTALL_PREFIX=/workspace/workspace/install/ld08_driver
[0.165s] -- The C compiler identification is GNU 11.4.0
[0.216s] -- The CXX compiler identification is GNU 11.4.0
[0.219s] -- Detecting C compiler ABI info
[0.261s] -- Detecting C compiler ABI info - done
[0.265s] -- Check for working C compiler: /usr/bin/cc - skipped
[0.265s] -- Detecting C compile features
[0.265s] -- Detecting C compile features - done
[0.267s] -- Detecting CXX compiler ABI info
[0.307s] -- Detecting CXX compiler ABI info - done
[0.310s] -- Check for working CXX compiler: /usr/bin/c++ - skipped
[0.310s] -- Detecting CXX compile features
[0.310s] -- Detecting CXX compile features - done
[0.312s] -- Found ament_cmake: 1.3.11 (/opt/ros/humble/share/ament_cmake/cmake)
[0.381s] -- Found Python3: /usr/bin/python3 (found version "3.10.12") found components: Interpreter 
[0.422s] -- Found rclcpp: 16.0.11 (/opt/ros/humble/share/rclcpp/cmake)
[0.440s] -- Found rosidl_generator_c: 3.1.6 (/opt/ros/humble/share/rosidl_generator_c/cmake)
[0.442s] -- Found rosidl_adapter: 3.1.6 (/opt/ros/humble/share/rosidl_adapter/cmake)
[0.446s] -- Found rosidl_generator_cpp: 3.1.6 (/opt/ros/humble/share/rosidl_generator_cpp/cmake)
[0.452s] -- Using all available rosidl_typesupport_c: rosidl_typesupport_fastrtps_c;rosidl_typesupport_introspection_c
[0.459s] -- Using all available rosidl_typesupport_cpp: rosidl_typesupport_fastrtps_cpp;rosidl_typesupport_introspection_cpp
[0.478s] -- Found rmw_implementation_cmake: 6.1.2 (/opt/ros/humble/share/rmw_implementation_cmake/cmake)
[0.480s] -- Found rmw_fastrtps_cpp: 6.2.7 (/opt/ros/humble/share/rmw_fastrtps_cpp/cmake)
[0.528s] -- Found OpenSSL: /usr/lib/x86_64-linux-gnu/libcrypto.so (found version "3.0.2")  
[0.543s] -- Found FastRTPS: /opt/ros/humble/include  
[0.567s] -- Using RMW implementation 'rmw_fastrtps_cpp' as default
[0.571s] -- Looking for pthread.h
[0.616s] -- Looking for pthread.h - found
[0.616s] -- Performing Test CMAKE_HAVE_LIBC_PTHREAD
[0.656s] -- Performing Test CMAKE_HAVE_LIBC_PTHREAD - Success
[0.656s] -- Found Threads: TRUE  
[0.680s] -- Found sensor_msgs: 4.2.4 (/opt/ros/humble/share/sensor_msgs/cmake)
[0.698s] -- Found Boost: /usr/lib/x86_64-linux-gnu/cmake/Boost-1.74.0/BoostConfig.cmake (found version "1.74.0") found components: system 
[0.699s] -- Found ament_lint_auto: 0.12.11 (/opt/ros/humble/share/ament_lint_auto/cmake)
[0.731s] -- Configuring done
[0.735s] -- Generating done
[0.737s] -- Build files have been written to: /workspace/workspace/build/ld08_driver
[0.742s] Invoked command in '/workspace/workspace/build/ld08_driver' returned '0': CMAKE_PREFIX_PATH=/opt/ros/humble /usr/bin/cmake /workspace/workspace/src/ld08_driver -DCMAKE_INSTALL_PREFIX=/workspace/workspace/install/ld08_driver
[0.742s] Invoking command in '/workspace/workspace/build/ld08_driver': CMAKE_PREFIX_PATH=/opt/ros/humble /usr/bin/cmake --build /workspace/workspace/build/ld08_driver -- -j24 -l24
[0.769s] [ 16%] [32mBuilding CXX object CMakeFiles/ld08_driver.dir/src/transform.cpp.o[0m
[0.769s] [ 33%] [32mBuilding CXX object CMakeFiles/ld08_driver.dir/src/lipkg.cpp.o[0m
[0.770s] [ 50%] [32mBuilding CXX object CMakeFiles/ld08_driver.dir/src/slbf.cpp.o[0m
[0.770s] [ 66%] [32mBuilding CXX object CMakeFiles/ld08_driver.dir/src/cmd_interface_linux.cpp.o[0m
[0.770s] [ 83%] [32mBuilding CXX object CMakeFiles/ld08_driver.dir/src/main.cpp.o[0m
[1.820s] [01m[K/workspace/workspace/src/ld08_driver/src/transform.cpp:[m[K In constructor ‘[01m[KSlTransform::SlTransform(LDVersion, bool)[m[K’:
[1.820s] [01m[K/workspace/workspace/src/ld08_driver/src/transform.cpp:30:50:[m[K [01;35m[Kwarning: [m[Kunused parameter ‘[01m[Kto_right_hand[m[K’ [[01;35m[K-Wunused-parameter[m[K]
[1.820s]    30 | SlTransform::SlTransform(LDVersion version, [01;35m[Kbool to_right_hand[m[K)
[1.820s]       |                                             [01;35m[K~~~~~^~~~~~~~~~~~~[m[K
[2.680s] [100%] [32m[1mLinking CXX executable ld08_driver[0m
[2.784s] [100%] Built target ld08_driver
[2.789s] Invoked command in '/workspace/workspace/build/ld08_driver' returned '0': CMAKE_PREFIX_PATH=/opt/ros/humble /usr/bin/cmake --build /workspace/workspace/build/ld08_driver -- -j24 -l24
[2.793s] Invoking command in '/workspace/workspace/build/ld08_driver': CMAKE_PREFIX_PATH=/opt/ros/humble /usr/bin/cmake --install /workspace/workspace/build/ld08_driver
[2.798s] -- Install configuration: ""
[2.798s] -- Installing: /workspace/workspace/install/ld08_driver/share/ld08_driver/launch
[2.798s] -- Installing: /workspace/workspace/install/ld08_driver/share/ld08_driver/launch/ld08.launch.py
[2.798s] -- Installing: /workspace/workspace/install/ld08_driver/lib/ld08_driver/ld08_driver
[2.799s] -- Set runtime path of "/workspace/workspace/install/ld08_driver/lib/ld08_driver/ld08_driver" to ""
[2.799s] -- Installing: /workspace/workspace/install/ld08_driver/share/ament_index/resource_index/package_run_dependencies/ld08_driver
[2.799s] -- Installing: /workspace/workspace/install/ld08_driver/share/ament_index/resource_index/parent_prefix_path/ld08_driver
[2.799s] -- Installing: /workspace/workspace/install/ld08_driver/share/ld08_driver/environment/ament_prefix_path.sh
[2.799s] -- Installing: /workspace/workspace/install/ld08_driver/share/ld08_driver/environment/ament_prefix_path.dsv
[2.799s] -- Installing: /workspace/workspace/install/ld08_driver/share/ld08_driver/environment/path.sh
[2.799s] -- Installing: /workspace/workspace/install/ld08_driver/share/ld08_driver/environment/path.dsv
[2.799s] -- Installing: /workspace/workspace/install/ld08_driver/share/ld08_driver/local_setup.bash
[2.799s] -- Installing: /workspace/workspace/install/ld08_driver/share/ld08_driver/local_setup.sh
[2.799s] -- Installing: /workspace/workspace/install/ld08_driver/share/ld08_driver/local_setup.zsh
[2.799s] -- Installing: /workspace/workspace/install/ld08_driver/share/ld08_driver/local_setup.dsv
[2.799s] -- Installing: /workspace/workspace/install/ld08_driver/share/ld08_driver/package.dsv
[2.799s] -- Installing: /workspace/workspace/install/ld08_driver/share/ament_index/resource_index/packages/ld08_driver
[2.799s] -- Installing: /workspace/workspace/install/ld08_driver/share/ld08_driver/cmake/ament_cmake_export_dependencies-extras.cmake
[2.799s] -- Installing: /workspace/workspace/install/ld08_driver/share/ld08_driver/cmake/ament_cmake_export_include_directories-extras.cmake
[2.799s] -- Installing: /workspace/workspace/install/ld08_driver/share/ld08_driver/cmake/ld08_driverConfig.cmake
[2.799s] -- Installing: /workspace/workspace/install/ld08_driver/share/ld08_driver/cmake/ld08_driverConfig-version.cmake
[2.799s] -- Installing: /workspace/workspace/install/ld08_driver/share/ld08_driver/package.xml
[2.800s] Invoked command in '/workspace/workspace/build/ld08_driver' returned '0': CMAKE_PREFIX_PATH=/opt/ros/humble /usr/bin/cmake --install /workspace/workspace/build/ld08_driver
