[0.696s] Invoking command in '/workspace/object_detection': PYTHONPATH=/workspace/build/object_detection/prefix_override:/usr/lib/python3/dist-packages/colcon_core/task/python/colcon_distutils_commands:/workspace/install/object_detection/lib/python3.10/site-packages:${PYTHONPATH} /usr/bin/python3 -W ignore:setup.py install is deprecated -W ignore:easy_install command is deprecated setup.py egg_info --egg-base ../build/object_detection build --build-base /workspace/build/object_detection/build install --record /workspace/build/object_detection/install.log --single-version-externally-managed install_data
[0.847s] running egg_info
[0.847s] creating ../build/object_detection/object_detection.egg-info
[0.847s] writing ../build/object_detection/object_detection.egg-info/PKG-INFO
[0.847s] writing dependency_links to ../build/object_detection/object_detection.egg-info/dependency_links.txt
[0.847s] writing entry points to ../build/object_detection/object_detection.egg-info/entry_points.txt
[0.848s] writing requirements to ../build/object_detection/object_detection.egg-info/requires.txt
[0.848s] writing top-level names to ../build/object_detection/object_detection.egg-info/top_level.txt
[0.848s] writing manifest file '../build/object_detection/object_detection.egg-info/SOURCES.txt'
[0.849s] reading manifest file '../build/object_detection/object_detection.egg-info/SOURCES.txt'
[0.849s] adding license file 'LICENSE'
[0.849s] writing manifest file '../build/object_detection/object_detection.egg-info/SOURCES.txt'
[0.849s] running build
[0.849s] running build_py
[0.849s] creating /workspace/build/object_detection/build
[0.849s] creating /workspace/build/object_detection/build/lib
[0.849s] creating /workspace/build/object_detection/build/lib/object_detection
[0.849s] copying object_detection/__init__.py -> /workspace/build/object_detection/build/lib/object_detection
[0.849s] copying object_detection/yolov9.py -> /workspace/build/object_detection/build/lib/object_detection
[0.850s] running install
[0.850s] running install_lib
[0.850s] creating /workspace/install/object_detection/lib/python3.10/site-packages/object_detection
[0.850s] copying /workspace/build/object_detection/build/lib/object_detection/__init__.py -> /workspace/install/object_detection/lib/python3.10/site-packages/object_detection
[0.850s] copying /workspace/build/object_detection/build/lib/object_detection/yolov9.py -> /workspace/install/object_detection/lib/python3.10/site-packages/object_detection
[0.851s] byte-compiling /workspace/install/object_detection/lib/python3.10/site-packages/object_detection/__init__.py to __init__.cpython-310.pyc
[0.851s] byte-compiling /workspace/install/object_detection/lib/python3.10/site-packages/object_detection/yolov9.py to yolov9.cpython-310.pyc
[0.851s] running install_data
[0.851s] creating /workspace/install/object_detection/share/ament_index
[0.851s] creating /workspace/install/object_detection/share/ament_index/resource_index
[0.851s] creating /workspace/install/object_detection/share/ament_index/resource_index/packages
[0.851s] copying resource/object_detection -> /workspace/install/object_detection/share/ament_index/resource_index/packages
[0.851s] copying package.xml -> /workspace/install/object_detection/share/object_detection
[0.851s] running install_egg_info
[0.853s] Copying ../build/object_detection/object_detection.egg-info to /workspace/install/object_detection/lib/python3.10/site-packages/object_detection-0.0.0-py3.10.egg-info
[0.853s] running install_scripts
[0.868s] Installing yolov9 script to /workspace/install/object_detection/lib/object_detection
[0.869s] writing list of installed files to '/workspace/build/object_detection/install.log'
[0.900s] Invoked command in '/workspace/object_detection' returned '0': PYTHONPATH=/workspace/build/object_detection/prefix_override:/usr/lib/python3/dist-packages/colcon_core/task/python/colcon_distutils_commands:/workspace/install/object_detection/lib/python3.10/site-packages:${PYTHONPATH} /usr/bin/python3 -W ignore:setup.py install is deprecated -W ignore:easy_install command is deprecated setup.py egg_info --egg-base ../build/object_detection build --build-base /workspace/build/object_detection/build install --record /workspace/build/object_detection/install.log --single-version-externally-managed install_data
