[0.690s] Invoking command in '/workspace/object_detection': PYTHONPATH=/workspace/build/object_detection/prefix_override:/usr/lib/python3/dist-packages/colcon_core/task/python/colcon_distutils_commands:/workspace/install/object_detection/lib/python3.10/site-packages:${PYTHONPATH} /usr/bin/python3 -W ignore:setup.py install is deprecated -W ignore:easy_install command is deprecated setup.py egg_info --egg-base ../build/object_detection build --build-base /workspace/build/object_detection/build install --record /workspace/build/object_detection/install.log --single-version-externally-managed install_data
[0.844s] running egg_info
[0.844s] writing ../build/object_detection/object_detection.egg-info/PKG-INFO
[0.844s] writing dependency_links to ../build/object_detection/object_detection.egg-info/dependency_links.txt
[0.844s] writing entry points to ../build/object_detection/object_detection.egg-info/entry_points.txt
[0.844s] writing requirements to ../build/object_detection/object_detection.egg-info/requires.txt
[0.844s] writing top-level names to ../build/object_detection/object_detection.egg-info/top_level.txt
[0.846s] reading manifest file '../build/object_detection/object_detection.egg-info/SOURCES.txt'
[0.846s] adding license file 'LICENSE'
[0.846s] writing manifest file '../build/object_detection/object_detection.egg-info/SOURCES.txt'
[0.846s] running build
[0.846s] running build_py
[0.847s] running install
[0.847s] running install_lib
[0.848s] running install_data
[0.848s] running install_egg_info
[0.849s] removing '/workspace/install/object_detection/lib/python3.10/site-packages/object_detection-0.0.0-py3.10.egg-info' (and everything under it)
[0.849s] Copying ../build/object_detection/object_detection.egg-info to /workspace/install/object_detection/lib/python3.10/site-packages/object_detection-0.0.0-py3.10.egg-info
[0.850s] running install_scripts
[0.865s] Installing yolov9 script to /workspace/install/object_detection/lib/object_detection
[0.865s] writing list of installed files to '/workspace/build/object_detection/install.log'
[0.884s] Invoked command in '/workspace/object_detection' returned '0': PYTHONPATH=/workspace/build/object_detection/prefix_override:/usr/lib/python3/dist-packages/colcon_core/task/python/colcon_distutils_commands:/workspace/install/object_detection/lib/python3.10/site-packages:${PYTHONPATH} /usr/bin/python3 -W ignore:setup.py install is deprecated -W ignore:easy_install command is deprecated setup.py egg_info --egg-base ../build/object_detection build --build-base /workspace/build/object_detection/build install --record /workspace/build/object_detection/install.log --single-version-externally-managed install_data
