[0.051s] DEBUG:colcon:Command line arguments: ['/usr/bin/colcon', 'build']
[0.051s] DEBUG:colcon:Parsed command line arguments: Namespace(log_base=None, log_level=None, verb_name='build', build_base='build', install_base='install', merge_install=False, symlink_install=False, test_result_base=None, continue_on_error=False, executor='parallel', parallel_workers=24, event_handlers=None, ignore_user_meta=False, metas=['./colcon.meta'], base_paths=['.'], packages_ignore=None, packages_ignore_regex=None, paths=None, packages_up_to=None, packages_up_to_regex=None, packages_above=None, packages_above_and_dependencies=None, packages_above_depth=None, packages_select_by_dep=None, packages_skip_by_dep=None, packages_skip_up_to=None, packages_select_build_failed=False, packages_skip_build_finished=False, packages_select_test_failures=False, packages_skip_test_passed=False, packages_select=None, packages_skip=None, packages_select_regex=None, packages_skip_regex=None, packages_start=None, packages_end=None, allow_overriding=[], cmake_args=None, cmake_target=None, cmake_target_skip_unavailable=False, cmake_clean_cache=False, cmake_clean_first=False, cmake_force_configure=False, ament_cmake_args=None, catkin_cmake_args=None, catkin_skip_building_tests=False, verb_parser=<colcon_defaults.argument_parser.defaults.DefaultArgumentsDecorator object at 0x7021f2efded0>, verb_extension=<colcon_core.verb.build.BuildVerb object at 0x7021f30073a0>, main=<bound method BuildVerb.main of <colcon_core.verb.build.BuildVerb object at 0x7021f30073a0>>)
[0.121s] Level 1:colcon.colcon_core.package_discovery:discover_packages(colcon_meta) check parameters
[0.121s] Level 1:colcon.colcon_core.package_discovery:discover_packages(recursive) check parameters
[0.121s] Level 1:colcon.colcon_core.package_discovery:discover_packages(ignore) check parameters
[0.121s] Level 1:colcon.colcon_core.package_discovery:discover_packages(path) check parameters
[0.121s] Level 1:colcon.colcon_core.package_discovery:discover_packages(colcon_meta) discover
[0.121s] Level 1:colcon.colcon_core.package_discovery:discover_packages(recursive) discover
[0.121s] INFO:colcon.colcon_core.package_discovery:Crawling recursively for packages in '/workspace/workspace'
[0.121s] Level 1:colcon.colcon_core.package_identification:_identify(.) by extensions ['ignore', 'ignore_ament_install']
[0.121s] Level 1:colcon.colcon_core.package_identification:_identify(.) by extension 'ignore'
[0.121s] Level 1:colcon.colcon_core.package_identification:_identify(.) by extension 'ignore_ament_install'
[0.121s] Level 1:colcon.colcon_core.package_identification:_identify(.) by extensions ['colcon_pkg']
[0.121s] Level 1:colcon.colcon_core.package_identification:_identify(.) by extension 'colcon_pkg'
[0.121s] Level 1:colcon.colcon_core.package_identification:_identify(.) by extensions ['colcon_meta']
[0.121s] Level 1:colcon.colcon_core.package_identification:_identify(.) by extension 'colcon_meta'
[0.121s] Level 1:colcon.colcon_core.package_identification:_identify(.) by extensions ['ros']
[0.121s] Level 1:colcon.colcon_core.package_identification:_identify(.) by extension 'ros'
[0.127s] Level 1:colcon.colcon_core.package_identification:_identify(.) by extensions ['cmake', 'python']
[0.127s] Level 1:colcon.colcon_core.package_identification:_identify(.) by extension 'cmake'
[0.127s] Level 1:colcon.colcon_core.package_identification:_identify(.) by extension 'python'
[0.127s] Level 1:colcon.colcon_core.package_identification:_identify(.) by extensions ['python_setup_py']
[0.127s] Level 1:colcon.colcon_core.package_identification:_identify(.) by extension 'python_setup_py'
[0.127s] Level 1:colcon.colcon_core.package_identification:_identify(build) by extensions ['ignore', 'ignore_ament_install']
[0.127s] Level 1:colcon.colcon_core.package_identification:_identify(build) by extension 'ignore'
[0.127s] Level 1:colcon.colcon_core.package_identification:_identify(build) ignored
[0.127s] Level 1:colcon.colcon_core.package_identification:_identify(install) by extensions ['ignore', 'ignore_ament_install']
[0.127s] Level 1:colcon.colcon_core.package_identification:_identify(install) by extension 'ignore'
[0.127s] Level 1:colcon.colcon_core.package_identification:_identify(install) ignored
[0.127s] Level 1:colcon.colcon_core.package_identification:_identify(log) by extensions ['ignore', 'ignore_ament_install']
[0.127s] Level 1:colcon.colcon_core.package_identification:_identify(log) by extension 'ignore'
[0.127s] Level 1:colcon.colcon_core.package_identification:_identify(log) ignored
[0.127s] Level 1:colcon.colcon_core.package_identification:_identify(src) by extensions ['ignore', 'ignore_ament_install']
[0.127s] Level 1:colcon.colcon_core.package_identification:_identify(src) by extension 'ignore'
[0.127s] Level 1:colcon.colcon_core.package_identification:_identify(src) by extension 'ignore_ament_install'
[0.127s] Level 1:colcon.colcon_core.package_identification:_identify(src) by extensions ['colcon_pkg']
[0.127s] Level 1:colcon.colcon_core.package_identification:_identify(src) by extension 'colcon_pkg'
[0.127s] Level 1:colcon.colcon_core.package_identification:_identify(src) by extensions ['colcon_meta']
[0.127s] Level 1:colcon.colcon_core.package_identification:_identify(src) by extension 'colcon_meta'
[0.127s] Level 1:colcon.colcon_core.package_identification:_identify(src) by extensions ['ros']
[0.127s] Level 1:colcon.colcon_core.package_identification:_identify(src) by extension 'ros'
[0.127s] Level 1:colcon.colcon_core.package_identification:_identify(src) by extensions ['cmake', 'python']
[0.127s] Level 1:colcon.colcon_core.package_identification:_identify(src) by extension 'cmake'
[0.127s] Level 1:colcon.colcon_core.package_identification:_identify(src) by extension 'python'
[0.127s] Level 1:colcon.colcon_core.package_identification:_identify(src) by extensions ['python_setup_py']
[0.127s] Level 1:colcon.colcon_core.package_identification:_identify(src) by extension 'python_setup_py'
[0.127s] Level 1:colcon.colcon_core.package_identification:_identify(src/camera) by extensions ['ignore', 'ignore_ament_install']
[0.127s] Level 1:colcon.colcon_core.package_identification:_identify(src/camera) by extension 'ignore'
[0.127s] Level 1:colcon.colcon_core.package_identification:_identify(src/camera) by extension 'ignore_ament_install'
[0.127s] Level 1:colcon.colcon_core.package_identification:_identify(src/camera) by extensions ['colcon_pkg']
[0.127s] Level 1:colcon.colcon_core.package_identification:_identify(src/camera) by extension 'colcon_pkg'
[0.127s] Level 1:colcon.colcon_core.package_identification:_identify(src/camera) by extensions ['colcon_meta']
[0.127s] Level 1:colcon.colcon_core.package_identification:_identify(src/camera) by extension 'colcon_meta'
[0.127s] Level 1:colcon.colcon_core.package_identification:_identify(src/camera) by extensions ['ros']
[0.127s] Level 1:colcon.colcon_core.package_identification:_identify(src/camera) by extension 'ros'
[0.129s] DEBUG:colcon.colcon_core.package_identification:Package 'src/camera' with type 'ros.ament_python' and name 'camera'
[0.129s] Level 1:colcon.colcon_core.package_identification:_identify(src/ld08_driver) by extensions ['ignore', 'ignore_ament_install']
[0.129s] Level 1:colcon.colcon_core.package_identification:_identify(src/ld08_driver) by extension 'ignore'
[0.129s] Level 1:colcon.colcon_core.package_identification:_identify(src/ld08_driver) by extension 'ignore_ament_install'
[0.129s] Level 1:colcon.colcon_core.package_identification:_identify(src/ld08_driver) by extensions ['colcon_pkg']
[0.129s] Level 1:colcon.colcon_core.package_identification:_identify(src/ld08_driver) by extension 'colcon_pkg'
[0.129s] Level 1:colcon.colcon_core.package_identification:_identify(src/ld08_driver) by extensions ['colcon_meta']
[0.129s] Level 1:colcon.colcon_core.package_identification:_identify(src/ld08_driver) by extension 'colcon_meta'
[0.129s] Level 1:colcon.colcon_core.package_identification:_identify(src/ld08_driver) by extensions ['ros']
[0.129s] Level 1:colcon.colcon_core.package_identification:_identify(src/ld08_driver) by extension 'ros'
[0.129s] DEBUG:colcon.colcon_core.package_identification:Package 'src/ld08_driver' with type 'ros.ament_cmake' and name 'ld08_driver'
[0.129s] Level 1:colcon.colcon_core.package_discovery:discover_packages(recursive) using defaults
[0.129s] Level 1:colcon.colcon_core.package_discovery:discover_packages(ignore) discover
[0.129s] Level 1:colcon.colcon_core.package_discovery:discover_packages(ignore) using defaults
[0.129s] Level 1:colcon.colcon_core.package_discovery:discover_packages(path) discover
[0.129s] Level 1:colcon.colcon_core.package_discovery:discover_packages(path) using defaults
[0.138s] Level 1:colcon.colcon_core.package_discovery:discover_packages(prefix_path) check parameters
[0.138s] Level 1:colcon.colcon_core.package_discovery:discover_packages(prefix_path) discover
[0.139s] DEBUG:colcon.colcon_installed_package_information.package_discovery:Found 267 installed packages in /opt/ros/humble
[0.140s] Level 1:colcon.colcon_core.package_discovery:discover_packages(prefix_path) using defaults
[0.159s] Level 5:colcon.colcon_core.verb:set package 'camera' build argument 'cmake_args' from command line to 'None'
[0.159s] Level 5:colcon.colcon_core.verb:set package 'camera' build argument 'cmake_target' from command line to 'None'
[0.159s] Level 5:colcon.colcon_core.verb:set package 'camera' build argument 'cmake_target_skip_unavailable' from command line to 'False'
[0.159s] Level 5:colcon.colcon_core.verb:set package 'camera' build argument 'cmake_clean_cache' from command line to 'False'
[0.159s] Level 5:colcon.colcon_core.verb:set package 'camera' build argument 'cmake_clean_first' from command line to 'False'
[0.159s] Level 5:colcon.colcon_core.verb:set package 'camera' build argument 'cmake_force_configure' from command line to 'False'
[0.159s] Level 5:colcon.colcon_core.verb:set package 'camera' build argument 'ament_cmake_args' from command line to 'None'
[0.159s] Level 5:colcon.colcon_core.verb:set package 'camera' build argument 'catkin_cmake_args' from command line to 'None'
[0.159s] Level 5:colcon.colcon_core.verb:set package 'camera' build argument 'catkin_skip_building_tests' from command line to 'False'
[0.159s] DEBUG:colcon.colcon_core.verb:Building package 'camera' with the following arguments: {'ament_cmake_args': None, 'build_base': '/workspace/workspace/build/camera', 'catkin_cmake_args': None, 'catkin_skip_building_tests': False, 'cmake_args': None, 'cmake_clean_cache': False, 'cmake_clean_first': False, 'cmake_force_configure': False, 'cmake_target': None, 'cmake_target_skip_unavailable': False, 'install_base': '/workspace/workspace/install/camera', 'merge_install': False, 'path': '/workspace/workspace/src/camera', 'symlink_install': False, 'test_result_base': None}
[0.159s] Level 5:colcon.colcon_core.verb:set package 'ld08_driver' build argument 'cmake_args' from command line to 'None'
[0.159s] Level 5:colcon.colcon_core.verb:set package 'ld08_driver' build argument 'cmake_target' from command line to 'None'
[0.159s] Level 5:colcon.colcon_core.verb:set package 'ld08_driver' build argument 'cmake_target_skip_unavailable' from command line to 'False'
[0.159s] Level 5:colcon.colcon_core.verb:set package 'ld08_driver' build argument 'cmake_clean_cache' from command line to 'False'
[0.159s] Level 5:colcon.colcon_core.verb:set package 'ld08_driver' build argument 'cmake_clean_first' from command line to 'False'
[0.159s] Level 5:colcon.colcon_core.verb:set package 'ld08_driver' build argument 'cmake_force_configure' from command line to 'False'
[0.159s] Level 5:colcon.colcon_core.verb:set package 'ld08_driver' build argument 'ament_cmake_args' from command line to 'None'
[0.159s] Level 5:colcon.colcon_core.verb:set package 'ld08_driver' build argument 'catkin_cmake_args' from command line to 'None'
[0.159s] Level 5:colcon.colcon_core.verb:set package 'ld08_driver' build argument 'catkin_skip_building_tests' from command line to 'False'
[0.159s] DEBUG:colcon.colcon_core.verb:Building package 'ld08_driver' with the following arguments: {'ament_cmake_args': None, 'build_base': '/workspace/workspace/build/ld08_driver', 'catkin_cmake_args': None, 'catkin_skip_building_tests': False, 'cmake_args': None, 'cmake_clean_cache': False, 'cmake_clean_first': False, 'cmake_force_configure': False, 'cmake_target': None, 'cmake_target_skip_unavailable': False, 'install_base': '/workspace/workspace/install/ld08_driver', 'merge_install': False, 'path': '/workspace/workspace/src/ld08_driver', 'symlink_install': False, 'test_result_base': None}
[0.159s] INFO:colcon.colcon_core.executor:Executing jobs using 'parallel' executor
[0.160s] DEBUG:colcon.colcon_parallel_executor.executor.parallel:run_until_complete
[0.160s] INFO:colcon.colcon_ros.task.ament_python.build:Building ROS package in '/workspace/workspace/src/camera' with build type 'ament_python'
[0.160s] Level 1:colcon.colcon_core.shell:create_environment_hook('camera', 'ament_prefix_path')
[0.161s] INFO:colcon.colcon_core.plugin_system:Skipping extension 'colcon_core.shell.bat': Not used on non-Windows systems
[0.161s] INFO:colcon.colcon_core.shell:Creating environment hook '/workspace/workspace/install/camera/share/camera/hook/ament_prefix_path.ps1'
[0.161s] INFO:colcon.colcon_core.shell:Creating environment descriptor '/workspace/workspace/install/camera/share/camera/hook/ament_prefix_path.dsv'
[0.162s] INFO:colcon.colcon_core.shell:Creating environment hook '/workspace/workspace/install/camera/share/camera/hook/ament_prefix_path.sh'
[0.162s] INFO:colcon.colcon_core.shell:Skip shell extension 'powershell' for command environment: Not usable outside of PowerShell
[0.162s] DEBUG:colcon.colcon_core.shell:Skip shell extension 'dsv' for command environment
[0.163s] INFO:colcon.colcon_ros.task.ament_cmake.build:Building ROS package in '/workspace/workspace/src/ld08_driver' with build type 'ament_cmake'
[0.163s] INFO:colcon.colcon_cmake.task.cmake.build:Building CMake package in '/workspace/workspace/src/ld08_driver'
[0.163s] INFO:colcon.colcon_core.shell:Skip shell extension 'powershell' for command environment: Not usable outside of PowerShell
[0.163s] DEBUG:colcon.colcon_core.shell:Skip shell extension 'dsv' for command environment
[0.261s] INFO:colcon.colcon_core.task.python.build:Building Python package in '/workspace/workspace/src/camera'
[0.261s] INFO:colcon.colcon_core.shell:Skip shell extension 'powershell' for command environment: Not usable outside of PowerShell
[0.261s] DEBUG:colcon.colcon_core.shell:Skip shell extension 'dsv' for command environment
[0.264s] DEBUG:colcon.colcon_core.event_handler.log_command:Invoking command in '/workspace/workspace/build/ld08_driver': CMAKE_PREFIX_PATH=/opt/ros/humble /usr/bin/cmake /workspace/workspace/src/ld08_driver -DCMAKE_INSTALL_PREFIX=/workspace/workspace/install/ld08_driver
[0.406s] DEBUG:colcon.colcon_core.event_handler.log_command:Invoking command in '/workspace/workspace/src/camera': PYTHONPATH=/workspace/workspace/build/camera/prefix_override:/usr/lib/python3/dist-packages/colcon_core/task/python/colcon_distutils_commands:/workspace/workspace/install/camera/lib/python3.10/site-packages:${PYTHONPATH} /usr/bin/python3 -W ignore:setup.py install is deprecated -W ignore:easy_install command is deprecated setup.py egg_info --egg-base ../../build/camera build --build-base /workspace/workspace/build/camera/build install --record /workspace/workspace/build/camera/install.log --single-version-externally-managed install_data
[0.521s] DEBUG:colcon.colcon_core.event_handler.log_command:Invoked command in '/workspace/workspace/src/camera' returned '0': PYTHONPATH=/workspace/workspace/build/camera/prefix_override:/usr/lib/python3/dist-packages/colcon_core/task/python/colcon_distutils_commands:/workspace/workspace/install/camera/lib/python3.10/site-packages:${PYTHONPATH} /usr/bin/python3 -W ignore:setup.py install is deprecated -W ignore:easy_install command is deprecated setup.py egg_info --egg-base ../../build/camera build --build-base /workspace/workspace/build/camera/build install --record /workspace/workspace/build/camera/install.log --single-version-externally-managed install_data
[0.522s] Level 1:colcon.colcon_core.environment:checking '/workspace/workspace/install/camera' for CMake module files
[0.522s] Level 1:colcon.colcon_core.environment:checking '/workspace/workspace/install/camera' for CMake config files
[0.522s] Level 1:colcon.colcon_core.environment:checking '/workspace/workspace/install/camera/lib'
[0.522s] Level 1:colcon.colcon_core.environment:checking '/workspace/workspace/install/camera/bin'
[0.522s] Level 1:colcon.colcon_core.environment:checking '/workspace/workspace/install/camera/lib/pkgconfig/camera.pc'
[0.522s] Level 1:colcon.colcon_core.environment:checking '/workspace/workspace/install/camera/lib/python3.10/site-packages'
[0.522s] Level 1:colcon.colcon_core.shell:create_environment_hook('camera', 'pythonpath')
[0.522s] INFO:colcon.colcon_core.shell:Creating environment hook '/workspace/workspace/install/camera/share/camera/hook/pythonpath.ps1'
[0.523s] INFO:colcon.colcon_core.shell:Creating environment descriptor '/workspace/workspace/install/camera/share/camera/hook/pythonpath.dsv'
[0.523s] INFO:colcon.colcon_core.shell:Creating environment hook '/workspace/workspace/install/camera/share/camera/hook/pythonpath.sh'
[0.523s] Level 1:colcon.colcon_core.environment:checking '/workspace/workspace/install/camera/bin'
[0.523s] Level 1:colcon.colcon_core.environment:create_environment_scripts_only(camera)
[0.523s] INFO:colcon.colcon_core.shell:Creating package script '/workspace/workspace/install/camera/share/camera/package.ps1'
[0.523s] INFO:colcon.colcon_core.shell:Creating package descriptor '/workspace/workspace/install/camera/share/camera/package.dsv'
[0.524s] INFO:colcon.colcon_core.shell:Creating package script '/workspace/workspace/install/camera/share/camera/package.sh'
[0.524s] INFO:colcon.colcon_core.shell:Creating package script '/workspace/workspace/install/camera/share/camera/package.bash'
[0.524s] INFO:colcon.colcon_core.shell:Creating package script '/workspace/workspace/install/camera/share/camera/package.zsh'
[0.524s] Level 1:colcon.colcon_core.environment:create_file_with_runtime_dependencies(/workspace/workspace/install/camera/share/colcon-core/packages/camera)
[0.905s] DEBUG:colcon.colcon_core.event_handler.log_command:Invoked command in '/workspace/workspace/build/ld08_driver' returned '0': CMAKE_PREFIX_PATH=/opt/ros/humble /usr/bin/cmake /workspace/workspace/src/ld08_driver -DCMAKE_INSTALL_PREFIX=/workspace/workspace/install/ld08_driver
[0.905s] DEBUG:colcon.colcon_core.event_handler.log_command:Invoking command in '/workspace/workspace/build/ld08_driver': CMAKE_PREFIX_PATH=/opt/ros/humble /usr/bin/cmake --build /workspace/workspace/build/ld08_driver -- -j24 -l24
[2.953s] DEBUG:colcon.colcon_core.event_handler.log_command:Invoked command in '/workspace/workspace/build/ld08_driver' returned '0': CMAKE_PREFIX_PATH=/opt/ros/humble /usr/bin/cmake --build /workspace/workspace/build/ld08_driver -- -j24 -l24
[2.957s] DEBUG:colcon.colcon_core.event_handler.log_command:Invoking command in '/workspace/workspace/build/ld08_driver': CMAKE_PREFIX_PATH=/opt/ros/humble /usr/bin/cmake --install /workspace/workspace/build/ld08_driver
[2.963s] Level 1:colcon.colcon_core.environment:create_environment_scripts_only(ld08_driver)
[2.963s] DEBUG:colcon.colcon_core.event_handler.log_command:Invoked command in '/workspace/workspace/build/ld08_driver' returned '0': CMAKE_PREFIX_PATH=/opt/ros/humble /usr/bin/cmake --install /workspace/workspace/build/ld08_driver
[2.963s] Level 1:colcon.colcon_core.environment:checking '/workspace/workspace/install/ld08_driver' for CMake module files
[2.964s] Level 1:colcon.colcon_core.environment:checking '/workspace/workspace/install/ld08_driver' for CMake config files
[2.964s] Level 1:colcon.colcon_core.shell:create_environment_hook('ld08_driver', 'cmake_prefix_path')
[2.964s] INFO:colcon.colcon_core.shell:Creating environment hook '/workspace/workspace/install/ld08_driver/share/ld08_driver/hook/cmake_prefix_path.ps1'
[2.964s] INFO:colcon.colcon_core.shell:Creating environment descriptor '/workspace/workspace/install/ld08_driver/share/ld08_driver/hook/cmake_prefix_path.dsv'
[2.964s] INFO:colcon.colcon_core.shell:Creating environment hook '/workspace/workspace/install/ld08_driver/share/ld08_driver/hook/cmake_prefix_path.sh'
[2.964s] Level 1:colcon.colcon_core.environment:checking '/workspace/workspace/install/ld08_driver/lib'
[2.964s] Level 1:colcon.colcon_core.environment:checking '/workspace/workspace/install/ld08_driver/bin'
[2.964s] Level 1:colcon.colcon_core.environment:checking '/workspace/workspace/install/ld08_driver/lib/pkgconfig/ld08_driver.pc'
[2.965s] Level 1:colcon.colcon_core.environment:checking '/workspace/workspace/install/ld08_driver/lib/python3.10/site-packages'
[2.965s] Level 1:colcon.colcon_core.environment:checking '/workspace/workspace/install/ld08_driver/bin'
[2.965s] INFO:colcon.colcon_core.shell:Creating package script '/workspace/workspace/install/ld08_driver/share/ld08_driver/package.ps1'
[2.965s] INFO:colcon.colcon_core.shell:Creating package descriptor '/workspace/workspace/install/ld08_driver/share/ld08_driver/package.dsv'
[2.965s] INFO:colcon.colcon_core.shell:Creating package script '/workspace/workspace/install/ld08_driver/share/ld08_driver/package.sh'
[2.965s] INFO:colcon.colcon_core.shell:Creating package script '/workspace/workspace/install/ld08_driver/share/ld08_driver/package.bash'
[2.965s] INFO:colcon.colcon_core.shell:Creating package script '/workspace/workspace/install/ld08_driver/share/ld08_driver/package.zsh'
[2.965s] Level 1:colcon.colcon_core.environment:create_file_with_runtime_dependencies(/workspace/workspace/install/ld08_driver/share/colcon-core/packages/ld08_driver)
[2.966s] Level 1:colcon.colcon_core.environment:create_environment_scripts_only(ld08_driver)
[2.966s] Level 1:colcon.colcon_core.environment:checking '/workspace/workspace/install/ld08_driver' for CMake module files
[2.966s] Level 1:colcon.colcon_core.environment:checking '/workspace/workspace/install/ld08_driver' for CMake config files
[2.966s] Level 1:colcon.colcon_core.shell:create_environment_hook('ld08_driver', 'cmake_prefix_path')
[2.966s] INFO:colcon.colcon_core.shell:Creating environment hook '/workspace/workspace/install/ld08_driver/share/ld08_driver/hook/cmake_prefix_path.ps1'
[2.966s] INFO:colcon.colcon_core.shell:Creating environment descriptor '/workspace/workspace/install/ld08_driver/share/ld08_driver/hook/cmake_prefix_path.dsv'
[2.966s] INFO:colcon.colcon_core.shell:Creating environment hook '/workspace/workspace/install/ld08_driver/share/ld08_driver/hook/cmake_prefix_path.sh'
[2.967s] Level 1:colcon.colcon_core.environment:checking '/workspace/workspace/install/ld08_driver/lib'
[2.967s] Level 1:colcon.colcon_core.environment:checking '/workspace/workspace/install/ld08_driver/bin'
[2.967s] Level 1:colcon.colcon_core.environment:checking '/workspace/workspace/install/ld08_driver/lib/pkgconfig/ld08_driver.pc'
[2.967s] Level 1:colcon.colcon_core.environment:checking '/workspace/workspace/install/ld08_driver/lib/python3.10/site-packages'
[2.967s] Level 1:colcon.colcon_core.environment:checking '/workspace/workspace/install/ld08_driver/bin'
[2.967s] INFO:colcon.colcon_core.shell:Creating package script '/workspace/workspace/install/ld08_driver/share/ld08_driver/package.ps1'
[2.967s] INFO:colcon.colcon_core.shell:Creating package descriptor '/workspace/workspace/install/ld08_driver/share/ld08_driver/package.dsv'
[2.967s] INFO:colcon.colcon_core.shell:Creating package script '/workspace/workspace/install/ld08_driver/share/ld08_driver/package.sh'
[2.968s] INFO:colcon.colcon_core.shell:Creating package script '/workspace/workspace/install/ld08_driver/share/ld08_driver/package.bash'
[2.968s] INFO:colcon.colcon_core.shell:Creating package script '/workspace/workspace/install/ld08_driver/share/ld08_driver/package.zsh'
[2.968s] Level 1:colcon.colcon_core.environment:create_file_with_runtime_dependencies(/workspace/workspace/install/ld08_driver/share/colcon-core/packages/ld08_driver)
[2.968s] DEBUG:colcon.colcon_parallel_executor.executor.parallel:closing loop
[2.968s] DEBUG:colcon.colcon_parallel_executor.executor.parallel:loop closed
[2.968s] DEBUG:colcon.colcon_parallel_executor.executor.parallel:run_until_complete finished with '0'
[2.968s] DEBUG:colcon.colcon_core.event_reactor:joining thread
[2.970s] INFO:colcon.colcon_core.plugin_system:Skipping extension 'colcon_notification.desktop_notification.notify_send': Could not find 'notify-send'
[2.970s] INFO:colcon.colcon_core.plugin_system:Skipping extension 'colcon_notification.desktop_notification.terminal_notifier': Not used on non-Darwin systems
[2.970s] INFO:colcon.colcon_core.plugin_system:Skipping extension 'colcon_notification.desktop_notification.win32': Not used on non-Windows systems
[2.970s] INFO:colcon.colcon_notification.desktop_notification:Sending desktop notification using 'notify2'
[2.972s] DEBUG:colcon.colcon_notification.desktop_notification.notify2:Failed to initialize notify2: org.freedesktop.DBus.Error.Spawn.ExecFailed: /usr/bin/dbus-launch terminated abnormally without any error message
[2.972s] DEBUG:colcon.colcon_core.event_reactor:joined thread
[2.972s] INFO:colcon.colcon_core.shell:Creating prefix script '/workspace/workspace/install/local_setup.ps1'
[2.972s] INFO:colcon.colcon_core.shell:Creating prefix util module '/workspace/workspace/install/_local_setup_util_ps1.py'
[2.973s] INFO:colcon.colcon_core.shell:Creating prefix chain script '/workspace/workspace/install/setup.ps1'
[2.973s] INFO:colcon.colcon_core.shell:Creating prefix script '/workspace/workspace/install/local_setup.sh'
[2.974s] INFO:colcon.colcon_core.shell:Creating prefix util module '/workspace/workspace/install/_local_setup_util_sh.py'
[2.974s] INFO:colcon.colcon_core.shell:Creating prefix chain script '/workspace/workspace/install/setup.sh'
[2.974s] INFO:colcon.colcon_core.shell:Creating prefix script '/workspace/workspace/install/local_setup.bash'
[2.974s] INFO:colcon.colcon_core.shell:Creating prefix chain script '/workspace/workspace/install/setup.bash'
[2.975s] INFO:colcon.colcon_core.shell:Creating prefix script '/workspace/workspace/install/local_setup.zsh'
[2.975s] INFO:colcon.colcon_core.shell:Creating prefix chain script '/workspace/workspace/install/setup.zsh'
