running egg_info
creating ../build/py_pubsub/py_pubsub.egg-info
writing ../build/py_pubsub/py_pubsub.egg-info/PKG-INFO
writing dependency_links to ../build/py_pubsub/py_pubsub.egg-info/dependency_links.txt
writing entry points to ../build/py_pubsub/py_pubsub.egg-info/entry_points.txt
writing requirements to ../build/py_pubsub/py_pubsub.egg-info/requires.txt
writing top-level names to ../build/py_pubsub/py_pubsub.egg-info/top_level.txt
writing manifest file '../build/py_pubsub/py_pubsub.egg-info/SOURCES.txt'
reading manifest file '../build/py_pubsub/py_pubsub.egg-info/SOURCES.txt'
adding license file 'LICENSE'
writing manifest file '../build/py_pubsub/py_pubsub.egg-info/SOURCES.txt'
running build
running build_py
creating /workspace/build/py_pubsub/build
creating /workspace/build/py_pubsub/build/lib
creating /workspace/build/py_pubsub/build/lib/py_pubsub
copying py_pubsub/pub.py -> /workspace/build/py_pubsub/build/lib/py_pubsub
copying py_pubsub/__init__.py -> /workspace/build/py_pubsub/build/lib/py_pubsub
running install
running install_lib
creating /workspace/install/py_pubsub/lib/python3.10/site-packages/py_pubsub
copying /workspace/build/py_pubsub/build/lib/py_pubsub/pub.py -> /workspace/install/py_pubsub/lib/python3.10/site-packages/py_pubsub
copying /workspace/build/py_pubsub/build/lib/py_pubsub/__init__.py -> /workspace/install/py_pubsub/lib/python3.10/site-packages/py_pubsub
byte-compiling /workspace/install/py_pubsub/lib/python3.10/site-packages/py_pubsub/pub.py to pub.cpython-310.pyc
byte-compiling /workspace/install/py_pubsub/lib/python3.10/site-packages/py_pubsub/__init__.py to __init__.cpython-310.pyc
running install_data
creating /workspace/install/py_pubsub/share/ament_index
creating /workspace/install/py_pubsub/share/ament_index/resource_index
creating /workspace/install/py_pubsub/share/ament_index/resource_index/packages
copying resource/py_pubsub -> /workspace/install/py_pubsub/share/ament_index/resource_index/packages
copying package.xml -> /workspace/install/py_pubsub/share/py_pubsub
running install_egg_info
Copying ../build/py_pubsub/py_pubsub.egg-info to /workspace/install/py_pubsub/lib/python3.10/site-packages/py_pubsub-0.0.0-py3.10.egg-info
running install_scripts
Installing pub script to /workspace/install/py_pubsub/lib/py_pubsub
writing list of installed files to '/workspace/build/py_pubsub/install.log'
