[0.703s] Invoking command in '/workspace/camera': PYTHONPATH=/workspace/build/camera/prefix_override:/usr/lib/python3/dist-packages/colcon_core/task/python/colcon_distutils_commands:/workspace/install/camera/lib/python3.10/site-packages:${PYTHONPATH} /usr/bin/python3 -W ignore:setup.py install is deprecated -W ignore:easy_install command is deprecated setup.py egg_info --egg-base ../build/camera build --build-base /workspace/build/camera/build install --record /workspace/build/camera/install.log --single-version-externally-managed install_data
[0.852s] running egg_info
[0.853s] writing ../build/camera/camera.egg-info/PKG-INFO
[0.853s] writing dependency_links to ../build/camera/camera.egg-info/dependency_links.txt
[0.853s] writing entry points to ../build/camera/camera.egg-info/entry_points.txt
[0.853s] writing requirements to ../build/camera/camera.egg-info/requires.txt
[0.853s] writing top-level names to ../build/camera/camera.egg-info/top_level.txt
[0.854s] reading manifest file '../build/camera/camera.egg-info/SOURCES.txt'
[0.854s] adding license file 'LICENSE'
[0.855s] writing manifest file '../build/camera/camera.egg-info/SOURCES.txt'
[0.855s] running build
[0.855s] running build_py
[0.855s] running install
[0.855s] running install_lib
[0.856s] running install_data
[0.856s] running install_egg_info
[0.857s] removing '/workspace/install/camera/lib/python3.10/site-packages/camera-0.0.0-py3.10.egg-info' (and everything under it)
[0.857s] Copying ../build/camera/camera.egg-info to /workspace/install/camera/lib/python3.10/site-packages/camera-0.0.0-py3.10.egg-info
[0.858s] running install_scripts
[0.873s] Installing test_camera script to /workspace/install/camera/lib/camera
[0.874s] writing list of installed files to '/workspace/build/camera/install.log'
[0.902s] Invoked command in '/workspace/camera' returned '0': PYTHONPATH=/workspace/build/camera/prefix_override:/usr/lib/python3/dist-packages/colcon_core/task/python/colcon_distutils_commands:/workspace/install/camera/lib/python3.10/site-packages:${PYTHONPATH} /usr/bin/python3 -W ignore:setup.py install is deprecated -W ignore:easy_install command is deprecated setup.py egg_info --egg-base ../build/camera build --build-base /workspace/build/camera/build install --record /workspace/build/camera/install.log --single-version-externally-managed install_data
