[0.503s] Invoking command in '/workspace/camera': PYTHONPATH=/workspace/build/camera/prefix_override:/usr/lib/python3/dist-packages/colcon_core/task/python/colcon_distutils_commands:/workspace/install/camera/lib/python3.10/site-packages:${PYTHONPATH} /usr/bin/python3 -W ignore:setup.py install is deprecated -W ignore:easy_install command is deprecated setup.py egg_info --egg-base ../build/camera build --build-base /workspace/build/camera/build install --record /workspace/build/camera/install.log --single-version-externally-managed install_data
[0.634s] running egg_info
[0.635s] creating ../build/camera/camera.egg-info
[0.635s] writing ../build/camera/camera.egg-info/PKG-INFO
[0.635s] writing dependency_links to ../build/camera/camera.egg-info/dependency_links.txt
[0.635s] writing entry points to ../build/camera/camera.egg-info/entry_points.txt
[0.635s] writing requirements to ../build/camera/camera.egg-info/requires.txt
[0.635s] writing top-level names to ../build/camera/camera.egg-info/top_level.txt
[0.635s] writing manifest file '../build/camera/camera.egg-info/SOURCES.txt'
[0.636s] reading manifest file '../build/camera/camera.egg-info/SOURCES.txt'
[0.636s] adding license file 'LICENSE'
[0.636s] writing manifest file '../build/camera/camera.egg-info/SOURCES.txt'
[0.637s] running build
[0.637s] running build_py
[0.637s] creating /workspace/build/camera/build
[0.641s] creating /workspace/build/camera/build/lib
[0.641s] creating /workspace/build/camera/build/lib/camera
[0.641s] copying camera/test_camera.py -> /workspace/build/camera/build/lib/camera
[0.641s] copying camera/__init__.py -> /workspace/build/camera/build/lib/camera
[0.641s] running install
[0.641s] running install_lib
[0.642s] creating /workspace/install/camera/lib/python3.10/site-packages/camera
[0.642s] copying /workspace/build/camera/build/lib/camera/test_camera.py -> /workspace/install/camera/lib/python3.10/site-packages/camera
[0.642s] copying /workspace/build/camera/build/lib/camera/__init__.py -> /workspace/install/camera/lib/python3.10/site-packages/camera
[0.642s] byte-compiling /workspace/install/camera/lib/python3.10/site-packages/camera/test_camera.py to test_camera.cpython-310.pyc
[0.642s] byte-compiling /workspace/install/camera/lib/python3.10/site-packages/camera/__init__.py to __init__.cpython-310.pyc
[0.643s] running install_data
[0.643s] creating /workspace/install/camera/share/ament_index
[0.643s] creating /workspace/install/camera/share/ament_index/resource_index
[0.643s] creating /workspace/install/camera/share/ament_index/resource_index/packages
[0.643s] copying resource/camera -> /workspace/install/camera/share/ament_index/resource_index/packages
[0.643s] copying package.xml -> /workspace/install/camera/share/camera
[0.643s] running install_egg_info
[0.644s] Copying ../build/camera/camera.egg-info to /workspace/install/camera/lib/python3.10/site-packages/camera-0.0.0-py3.10.egg-info
[0.644s] running install_scripts
[0.657s] Installing test_camera script to /workspace/install/camera/lib/camera
[0.657s] writing list of installed files to '/workspace/build/camera/install.log'
[0.672s] Invoked command in '/workspace/camera' returned '0': PYTHONPATH=/workspace/build/camera/prefix_override:/usr/lib/python3/dist-packages/colcon_core/task/python/colcon_distutils_commands:/workspace/install/camera/lib/python3.10/site-packages:${PYTHONPATH} /usr/bin/python3 -W ignore:setup.py install is deprecated -W ignore:easy_install command is deprecated setup.py egg_info --egg-base ../build/camera build --build-base /workspace/build/camera/build install --record /workspace/build/camera/install.log --single-version-externally-managed install_data
