[0.693s] Invoking command in '/workspace/py_pubsub': PYTHONPATH=/workspace/build/py_pubsub/prefix_override:/usr/lib/python3/dist-packages/colcon_core/task/python/colcon_distutils_commands:/workspace/install/py_pubsub/lib/python3.10/site-packages:${PYTHONPATH} /usr/bin/python3 -W ignore:setup.py install is deprecated -W ignore:easy_install command is deprecated setup.py egg_info --egg-base ../build/py_pubsub build --build-base /workspace/build/py_pubsub/build install --record /workspace/build/py_pubsub/install.log --single-version-externally-managed install_data
[0.845s] running egg_info
[0.845s] writing ../build/py_pubsub/py_pubsub.egg-info/PKG-INFO
[0.845s] writing dependency_links to ../build/py_pubsub/py_pubsub.egg-info/dependency_links.txt
[0.845s] writing entry points to ../build/py_pubsub/py_pubsub.egg-info/entry_points.txt
[0.845s] writing requirements to ../build/py_pubsub/py_pubsub.egg-info/requires.txt
[0.845s] writing top-level names to ../build/py_pubsub/py_pubsub.egg-info/top_level.txt
[0.847s] reading manifest file '../build/py_pubsub/py_pubsub.egg-info/SOURCES.txt'
[0.847s] adding license file 'LICENSE'
[0.847s] writing manifest file '../build/py_pubsub/py_pubsub.egg-info/SOURCES.txt'
[0.847s] running build
[0.847s] running build_py
[0.848s] running install
[0.848s] running install_lib
[0.849s] running install_data
[0.849s] running install_egg_info
[0.850s] removing '/workspace/install/py_pubsub/lib/python3.10/site-packages/py_pubsub-0.0.0-py3.10.egg-info' (and everything under it)
[0.850s] Copying ../build/py_pubsub/py_pubsub.egg-info to /workspace/install/py_pubsub/lib/python3.10/site-packages/py_pubsub-0.0.0-py3.10.egg-info
[0.851s] running install_scripts
[0.866s] Installing pub script to /workspace/install/py_pubsub/lib/py_pubsub
[0.866s] writing list of installed files to '/workspace/build/py_pubsub/install.log'
[0.889s] Invoked command in '/workspace/py_pubsub' returned '0': PYTHONPATH=/workspace/build/py_pubsub/prefix_override:/usr/lib/python3/dist-packages/colcon_core/task/python/colcon_distutils_commands:/workspace/install/py_pubsub/lib/python3.10/site-packages:${PYTHONPATH} /usr/bin/python3 -W ignore:setup.py install is deprecated -W ignore:easy_install command is deprecated setup.py egg_info --egg-base ../build/py_pubsub build --build-base /workspace/build/py_pubsub/build install --record /workspace/build/py_pubsub/install.log --single-version-externally-managed install_data
